mode: set
github.com/lwenjim/code/chapter1/1.1/main.go:17.56,22.38 5 1
github.com/lwenjim/code/chapter1/1.1/main.go:25.2,26.20 2 1
github.com/lwenjim/code/chapter1/1.1/main.go:29.2,29.18 1 1
github.com/lwenjim/code/chapter1/1.1/main.go:22.38,24.3 1 0
github.com/lwenjim/code/chapter1/1.1/main.go:26.20,28.3 1 1
github.com/lwenjim/code/chapter1/1.1/main.go:32.47,36.20 4 1
github.com/lwenjim/code/chapter1/1.1/main.go:39.2,39.44 1 1
github.com/lwenjim/code/chapter1/1.1/main.go:43.2,44.16 2 1
github.com/lwenjim/code/chapter1/1.1/main.go:47.2,48.15 2 1
github.com/lwenjim/code/chapter1/1.1/main.go:36.20,38.3 1 1
github.com/lwenjim/code/chapter1/1.1/main.go:39.44,42.3 2 1
github.com/lwenjim/code/chapter1/1.1/main.go:44.16,46.3 1 0
github.com/lwenjim/code/chapter1/1.1/main.go:51.35,52.23 1 1
github.com/lwenjim/code/chapter1/1.1/main.go:55.2,55.12 1 1
github.com/lwenjim/code/chapter1/1.1/main.go:52.23,54.3 1 1
github.com/lwenjim/code/chapter1/1.1/main.go:58.52,60.34 2 1
github.com/lwenjim/code/chapter1/1.1/main.go:60.34,62.3 1 1
github.com/lwenjim/code/chapter1/1.1/main.go:70.30,72.2 1 1
github.com/lwenjim/code/chapter1/1.1/main.go:74.55,75.18 1 1
github.com/lwenjim/code/chapter1/1.1/main.go:79.2,80.16 2 1
github.com/lwenjim/code/chapter1/1.1/main.go:83.2,84.12 2 1
github.com/lwenjim/code/chapter1/1.1/main.go:75.18,78.3 2 1
github.com/lwenjim/code/chapter1/1.1/main.go:80.16,82.3 1 1
github.com/lwenjim/code/chapter1/1.1/main.go:87.13,89.16 2 0
github.com/lwenjim/code/chapter1/1.1/main.go:94.2,95.16 2 0
github.com/lwenjim/code/chapter1/1.1/main.go:100.2,101.16 2 0
github.com/lwenjim/code/chapter1/1.1/main.go:89.16,93.3 3 0
github.com/lwenjim/code/chapter1/1.1/main.go:95.16,99.3 3 0
github.com/lwenjim/code/chapter1/1.1/main.go:101.16,104.3 2 0
